<?xml version="1.0" encoding="UTF-8"?>
<testng-results ignored="0" total="1" passed="1" failed="0" skipped="0">
  <reporter-output>
  </reporter-output>
  <suite started-at="2025-05-06T15:26:41 IST" name="runner.TestRunner" finished-at="2025-05-06T15:27:02 IST" duration-ms="21680">
    <groups>
      <group name="cucumber">
        <method signature="AbstractTestNGCucumberTests.runScenario(io.cucumber.testng.PickleWrapper,io.cucumber.testng.FeatureWrapper)[pri:0, instance:runner.TestRunner@2fd6b6c7]" name="runScenario" class="io.cucumber.testng.AbstractTestNGCucumberTests"/>
      </group> <!-- cucumber -->
    </groups>
    <test started-at="2025-05-06T15:26:41 IST" name="Command line test" finished-at="2025-05-06T15:27:02 IST" duration-ms="21680">
      <class name="runner.TestRunner">
        <test-method is-config="true" signature="setUpClass(org.testng.ITestContext)[pri:0, instance:runner.TestRunner@2fd6b6c7]" started-at="2025-05-06T15:26:41 IST" name="setUpClass" finished-at="2025-05-06T15:26:41 IST" duration-ms="650" status="PASS">
          <params>
            <param index="0">
              <value>
                <![CDATA[org.testng.TestRunner@4c04216f]]>
              </value>
            </param>
          </params>
          <reporter-output>
          </reporter-output>
        </test-method> <!-- setUpClass -->
        <test-method signature="runScenario(io.cucumber.testng.PickleWrapper,io.cucumber.testng.FeatureWrapper)[pri:0, instance:runner.TestRunner@2fd6b6c7]" started-at="2025-05-06T15:26:41 IST" name="runScenario" description="Runs Cucumber Scenarios" data-provider="scenarios" finished-at="2025-05-06T15:27:01 IST" duration-ms="19327" status="PASS">
          <params>
            <param index="0">
              <value>
                <![CDATA["OCN_01 : Successful Sign Up with valid credentials"]]>
              </value>
            </param>
            <param index="1">
              <value>
                <![CDATA["Sign Up with valid and invalid credentials"]]>
              </value>
            </param>
          </params>
          <reporter-output>
          </reporter-output>
        </test-method> <!-- runScenario -->
        <test-method is-config="true" signature="tearDownClass()[pri:0, instance:runner.TestRunner@2fd6b6c7]" started-at="2025-05-06T15:27:01 IST" name="tearDownClass" finished-at="2025-05-06T15:27:02 IST" duration-ms="1671" status="PASS">
          <reporter-output>
          </reporter-output>
        </test-method> <!-- tearDownClass -->
      </class> <!-- runner.TestRunner -->
    </test> <!-- Command line test -->
  </suite> <!-- runner.TestRunner -->
</testng-results>
